0 verbose cli /usr/local/bin/node /usr/local/bin/npm
1 info using npm@8.19.2
2 info using node@v16.18.0
3 timing npm:load:whichnode Completed in 0ms
4 timing config:load:defaults Completed in 2ms
5 timing config:load:file:/usr/local/lib/node_modules/npm/npmrc Completed in 11ms
6 timing config:load:builtin Completed in 11ms
7 warn config production Use `--omit=dev` instead.
8 timing config:load:cli Completed in 8ms
9 timing config:load:env Completed in 2ms
10 timing config:load:file:/assets/assets/atomic/.npmrc Completed in 2ms
11 timing config:load:project Completed in 14ms
12 timing config:load:file:/root/.npmrc Completed in 0ms
13 timing config:load:user Completed in 0ms
14 timing config:load:file:/usr/local/etc/npmrc Completed in 0ms
15 timing config:load:global Completed in 1ms
16 timing config:load:validate Completed in 2ms
17 timing config:load:credentials Completed in 4ms
18 timing config:load:setEnvs Completed in 3ms
19 timing config:load Completed in 51ms
20 timing npm:load:configload Completed in 51ms
21 timing npm:load:mkdirpcache Completed in 18ms
22 timing npm:load:mkdirplogs Completed in 142ms
23 verbose title npm install node-red-node-mysql@1.0.3
24 verbose argv "install" "--no-audit" "--no-update-notifier" "--no-fund" "--save" "--save-prefix" "~" "--production" "node-red-node-mysql@1.0.3"
25 timing npm:load:setTitle Completed in 5ms
26 timing config:load:flatten Completed in 8ms
27 timing npm:load:display Completed in 11ms
28 verbose logfile logs-max:10 dir:/assets/assets/atomic/.npm/_logs
29 verbose logfile /assets/assets/atomic/.npm/_logs/2023-06-30T12_15_19_592Z-debug-0.log
30 timing npm:load:logFile Completed in 147ms
31 timing npm:load:timers Completed in 1ms
32 timing npm:load:configScope Completed in 0ms
33 timing npm:load Completed in 377ms
34 timing arborist:ctor Completed in 1ms
35 silly logfile done cleaning log files
36 timing idealTree:init Completed in 128ms
37 timing idealTree:userRequests Completed in 6ms
38 silly idealTree buildDeps
39 silly fetch manifest node-red-node-mysql@1.0.3
40 timing arborist:ctor Completed in 0ms
41 http fetch GET 200 https://registry.npmjs.org/node-red-node-mysql 1786ms (cache miss)
42 silly placeDep ROOT node-red-node-mysql@1.0.3 OK for: node-red-project@0.0.1 want: 1.0.3
43 silly fetch manifest mysql2@^2.3.3
44 http fetch GET 200 https://registry.npmjs.org/mysql2 1035ms (cache miss)
45 timing idealTree:#root Completed in 2852ms
46 silly placeDep ROOT mysql2@2.3.3 OK for: node-red-node-mysql@1.0.3 want: ^2.3.3
47 silly fetch manifest denque@^2.0.1
48 silly fetch manifest generate-function@^2.3.1
49 silly fetch manifest iconv-lite@^0.6.3
50 silly fetch manifest lru-cache@^6.0.0
51 silly fetch manifest named-placeholders@^1.1.2
52 silly fetch manifest seq-queue@^0.0.5
53 silly fetch manifest sqlstring@^2.3.2
54 http fetch GET 200 https://registry.npmjs.org/iconv-lite 322ms (cache miss)
55 http fetch GET 200 https://registry.npmjs.org/lru-cache 358ms (cache miss)
56 http fetch GET 200 https://registry.npmjs.org/denque 941ms (cache miss)
57 http fetch GET 200 https://registry.npmjs.org/named-placeholders 1010ms (cache miss)
58 http fetch GET 200 https://registry.npmjs.org/seq-queue 1014ms (cache miss)
59 http fetch GET 200 https://registry.npmjs.org/generate-function 1050ms (cache miss)
60 http fetch GET 200 https://registry.npmjs.org/sqlstring 1124ms (cache miss)
61 timing idealTree:node_modules/node-red-node-mysql Completed in 1135ms
62 silly placeDep ROOT denque@2.1.0 OK for: mysql2@2.3.3 want: ^2.0.1
63 silly placeDep ROOT generate-function@2.3.1 OK for: mysql2@2.3.3 want: ^2.3.1
64 silly placeDep ROOT iconv-lite@0.6.3 OK for: mysql2@2.3.3 want: ^0.6.3
65 silly placeDep ROOT lru-cache@6.0.0 OK for: mysql2@2.3.3 want: ^6.0.0
66 silly placeDep ROOT named-placeholders@1.1.3 OK for: mysql2@2.3.3 want: ^1.1.2
67 silly placeDep ROOT seq-queue@0.0.5 OK for: mysql2@2.3.3 want: ^0.0.5
68 silly placeDep ROOT sqlstring@2.3.3 OK for: mysql2@2.3.3 want: ^2.3.2
69 silly fetch manifest is-property@^1.0.2
70 silly fetch manifest safer-buffer@>= 2.1.2 < 3.0.0
71 silly fetch manifest yallist@^4.0.0
72 silly fetch manifest lru-cache@^7.14.1
73 http fetch GET 200 https://registry.npmjs.org/safer-buffer 175ms (cache miss)
74 http fetch GET 200 https://registry.npmjs.org/yallist 178ms (cache miss)
75 http fetch GET 200 https://registry.npmjs.org/is-property 844ms (cache miss)
76 timing idealTree:node_modules/mysql2 Completed in 872ms
77 timing idealTree:node_modules/denque Completed in 0ms
78 silly placeDep ROOT is-property@1.0.2 OK for: generate-function@2.3.1 want: ^1.0.2
79 timing idealTree:node_modules/generate-function Completed in 5ms
80 silly placeDep ROOT safer-buffer@2.1.2 OK for: iconv-lite@0.6.3 want: >= 2.1.2 < 3.0.0
81 timing idealTree:node_modules/iconv-lite Completed in 3ms
82 timing idealTree:node_modules/is-property Completed in 0ms
83 silly placeDep ROOT yallist@4.0.0 OK for: lru-cache@6.0.0 want: ^4.0.0
84 timing idealTree:node_modules/lru-cache Completed in 6ms
85 silly placeDep node_modules/named-placeholders lru-cache@7.18.3 OK for: named-placeholders@1.1.3 want: ^7.14.1
86 timing idealTree:node_modules/named-placeholders Completed in 7ms
87 timing idealTree:node_modules/safer-buffer Completed in 1ms
88 timing idealTree:node_modules/seq-queue Completed in 0ms
89 timing idealTree:node_modules/sqlstring Completed in 0ms
90 timing idealTree:node_modules/yallist Completed in 0ms
91 timing idealTree:node_modules/named-placeholders/node_modules/lru-cache Completed in 0ms
92 timing idealTree:buildDeps Completed in 4891ms
93 timing idealTree:fixDepFlags Completed in 1ms
94 timing idealTree Completed in 5030ms
95 timing reify:loadTrees Completed in 5033ms
96 timing reify:diffTrees Completed in 49ms
97 silly reify moves {}
98 timing reify:retireShallow Completed in 5ms
99 timing reify:createSparse Completed in 178ms
100 timing reify:trashOmits Completed in 0ms
101 timing reify:loadBundles Completed in 0ms
102 silly tarball no local data for sqlstring@https://registry.npmjs.org/sqlstring/-/sqlstring-2.3.3.tgz. Extracting by manifest.
103 silly tarball no local data for safer-buffer@https://registry.npmjs.org/safer-buffer/-/safer-buffer-2.1.2.tgz. Extracting by manifest.
104 silly tarball no local data for is-property@https://registry.npmjs.org/is-property/-/is-property-1.0.2.tgz. Extracting by manifest.
105 silly tarball no local data for node-red-node-mysql@https://registry.npmjs.org/node-red-node-mysql/-/node-red-node-mysql-1.0.3.tgz. Extracting by manifest.
106 silly tarball no local data for named-placeholders@https://registry.npmjs.org/named-placeholders/-/named-placeholders-1.1.3.tgz. Extracting by manifest.
107 silly tarball no local data for mysql2@https://registry.npmjs.org/mysql2/-/mysql2-2.3.3.tgz. Extracting by manifest.
108 silly tarball no local data for lru-cache@https://registry.npmjs.org/lru-cache/-/lru-cache-6.0.0.tgz. Extracting by manifest.
109 silly tarball no local data for yallist@https://registry.npmjs.org/yallist/-/yallist-4.0.0.tgz. Extracting by manifest.
110 silly tarball no local data for lru-cache@https://registry.npmjs.org/lru-cache/-/lru-cache-7.18.3.tgz. Extracting by manifest.
111 silly tarball no local data for denque@https://registry.npmjs.org/denque/-/denque-2.1.0.tgz. Extracting by manifest.
112 silly tarball no local data for seq-queue@https://registry.npmjs.org/seq-queue/-/seq-queue-0.0.5.tgz. Extracting by manifest.
113 silly tarball no local data for generate-function@https://registry.npmjs.org/generate-function/-/generate-function-2.3.1.tgz. Extracting by manifest.
114 silly tarball no local data for iconv-lite@https://registry.npmjs.org/iconv-lite/-/iconv-lite-0.6.3.tgz. Extracting by manifest.
115 http fetch GET 200 https://registry.npmjs.org/named-placeholders/-/named-placeholders-1.1.3.tgz 1074ms (cache miss)
116 timing reifyNode:node_modules/named-placeholders Completed in 1259ms
117 http fetch GET 200 https://registry.npmjs.org/is-property/-/is-property-1.0.2.tgz 1104ms (cache miss)
118 timing reifyNode:node_modules/is-property Completed in 1287ms
119 http fetch GET 200 https://registry.npmjs.org/node-red-node-mysql/-/node-red-node-mysql-1.0.3.tgz 1164ms (cache miss)
120 timing reifyNode:node_modules/node-red-node-mysql Completed in 1349ms
121 http fetch GET 200 https://registry.npmjs.org/sqlstring/-/sqlstring-2.3.3.tgz 1249ms (cache miss)
122 timing reifyNode:node_modules/sqlstring Completed in 1427ms
123 http fetch GET 200 https://registry.npmjs.org/generate-function/-/generate-function-2.3.1.tgz 1243ms (cache miss)
124 timing reifyNode:node_modules/generate-function Completed in 1455ms
125 http fetch GET 200 https://registry.npmjs.org/lru-cache/-/lru-cache-6.0.0.tgz 1273ms (cache miss)
126 timing reifyNode:node_modules/lru-cache Completed in 1466ms
127 http fetch GET 200 https://registry.npmjs.org/yallist/-/yallist-4.0.0.tgz 1274ms (cache miss)
128 timing reifyNode:node_modules/yallist Completed in 1476ms
129 http fetch GET 200 https://registry.npmjs.org/seq-queue/-/seq-queue-0.0.5.tgz 1315ms (cache miss)
130 timing reifyNode:node_modules/seq-queue Completed in 1523ms
131 http fetch GET 200 https://registry.npmjs.org/denque/-/denque-2.1.0.tgz 1338ms (cache miss)
132 timing reifyNode:node_modules/denque Completed in 1542ms
133 http fetch GET 200 https://registry.npmjs.org/safer-buffer/-/safer-buffer-2.1.2.tgz 1424ms (cache miss)
134 timing reifyNode:node_modules/safer-buffer Completed in 1606ms
135 http fetch GET 200 https://registry.npmjs.org/lru-cache/-/lru-cache-7.18.3.tgz 1518ms (cache miss)
136 timing reifyNode:node_modules/named-placeholders/node_modules/lru-cache Completed in 1718ms
137 http fetch GET 200 https://registry.npmjs.org/iconv-lite/-/iconv-lite-0.6.3.tgz 2078ms (cache miss)
138 timing reifyNode:node_modules/iconv-lite Completed in 2301ms
139 http fetch GET 200 https://registry.npmjs.org/mysql2/-/mysql2-2.3.3.tgz 2882ms (cache miss)
140 timing reifyNode:node_modules/mysql2 Completed in 3079ms
141 timing reify:unpack Completed in 3081ms
142 timing reify:unretire Completed in 1ms
143 timing build:queue Completed in 34ms
144 timing build:deps Completed in 35ms
145 timing build Completed in 36ms
146 timing reify:build Completed in 37ms
147 timing reify:trash Completed in 0ms
148 timing reify:save Completed in 216ms
149 timing reify Completed in 9373ms
150 silly ADD node_modules/yallist
151 silly ADD node_modules/safer-buffer
152 silly ADD node_modules/is-property
153 silly ADD node_modules/sqlstring
154 silly ADD node_modules/seq-queue
155 silly ADD node_modules/named-placeholders
156 silly ADD node_modules/named-placeholders/node_modules/lru-cache
157 silly ADD node_modules/lru-cache
158 silly ADD node_modules/iconv-lite
159 silly ADD node_modules/generate-function
160 silly ADD node_modules/denque
161 silly ADD node_modules/mysql2
162 silly ADD node_modules/node-red-node-mysql
163 timing command:install Completed in 9384ms
164 verbose exit 0
165 timing npm Completed in 9897ms
166 info ok
